#
# There is insufficient memory for the Java Runtime Environment to continue.
# Native memory allocation (mmap) failed to map 536870912 bytes for G1 virtual space
# Possible reasons:
#   The system is out of physical RAM or swap space
#   The process is running with CompressedOops enabled, and the Java Heap may be blocking the growth of the native heap
# Possible solutions:
#   Reduce memory load on the system
#   Increase physical memory or swap space
#   Check if swap backing store is full
#   Decrease Java heap size (-Xmx/-Xms)
#   Decrease number of Java threads
#   Decrease Java thread stack sizes (-Xss)
#   Set larger code cache with -XX:ReservedCodeCacheSize=
#   JVM is running with Zero Based Compressed Oops mode in which the Java heap is
#     placed in the first 32GB address space. The Java Heap base address is the
#     maximum limit for the native heap growth. Please use -XX:HeapBaseMinAddress
#     to set the Java Heap base and to place the Java Heap above 32GB virtual address.
# This output file may be truncated or incomplete.
#
#  Out of Memory Error (./open/src/hotspot/os/windows/os_windows.cpp:3321), pid=24048, tid=23280
#
# JRE version:  (15.0.2+7) (build )
# Java VM: OpenJDK 64-Bit Server VM (15.0.2+7-27, mixed mode, sharing, tiered, compressed oops, g1 gc, windows-amd64)
# No core dump will be written. Minidumps are not enabled by default on client versions of Windows
#

---------------  S U M M A R Y ------------

Command Line: -Dfile.encoding=Cp1252 -XX:+ShowCodeDetailsInExceptionMessages GameWindow

Host: AMD Ryzen 7 2700X Eight-Core Processor         , 16 cores, 31G,  Windows 10 , 64 bit Build 19041 (10.0.19041.1151)
Time: Fri Dec 17 23:48:45 2021 Eastern Standard Time elapsed time: 0.008894 seconds (0d 0h 0m 0s)

---------------  T H R E A D  ---------------

Current thread (0x000001485c8ddf80):  JavaThread "Unknown thread" [_thread_in_vm, id=23280, stack(0x00000044aec00000,0x00000044aed00000)]

Stack: [0x00000044aec00000,0x00000044aed00000]
Native frames: (J=compiled Java code, j=interpreted, Vv=VM code, C=native code)
V  [jvm.dll+0x62ae9a]
V  [jvm.dll+0x7817a9]
V  [jvm.dll+0x782f03]
V  [jvm.dll+0x783563]
V  [jvm.dll+0x216325]
V  [jvm.dll+0x6281d9]
V  [jvm.dll+0x61cf55]
V  [jvm.dll+0x2cffdd]
V  [jvm.dll+0x2cfe42]
V  [jvm.dll+0x2d5e1c]
V  [jvm.dll+0x32590a]
V  [jvm.dll+0x324fd4]
V  [jvm.dll+0x2a6f5a]
V  [jvm.dll+0x2a80f8]
V  [jvm.dll+0x75e241]
V  [jvm.dll+0x3341c4]
V  [jvm.dll+0x73e926]
V  [jvm.dll+0x3b7557]
V  [jvm.dll+0x3b8fe1]
C  [jli.dll+0x52fb]
C  [ucrtbase.dll+0x21bb2]
C  [KERNEL32.DLL+0x17034]
C  [ntdll.dll+0x52651]


---------------  P R O C E S S  ---------------

Threads class SMR info:
_java_thread_list=0x00007ffe7f0e4ff0, length=0, elements={
}

Java Threads: ( => current thread )

Other Threads:
  0x000001485c956280 GCTaskThread "GC Thread#0" [stack: 0x00000044aed00000,0x00000044aee00000] [id=23332]
  0x000001485c968b00 ConcurrentGCThread "G1 Main Marker" [stack: 0x00000044aee00000,0x00000044aef00000] [id=23276]
  0x000001485c9696f0 ConcurrentGCThread "G1 Conc#0" [stack: 0x00000044aef00000,0x00000044af000000] [id=23264]

[error occurred during error reporting (printing all threads), id 0xc0000005, EXCEPTION_ACCESS_VIOLATION (0xc0000005) at pc=0x00007ffe7e8d7e27]

VM state: not at safepoint (not fully initialized)

VM Mutex/Monitor currently owned by a thread:  ([mutex/lock_event])
[0x000001485c8d8cc0] Heap_lock - owner thread: 0x000001485c8ddf80

Heap address: 0x0000000601000000, size: 8176 MB, Compressed Oops mode: Zero based, Oop shift amount: 3
CDS archive(s) mapped at: [0x0000000000000000-0x0000000000000000-0x0000000000000000), size 0, SharedBaseAddress: 0x0000000800000000, ArchiveRelocationMode: 0.
Narrow klass base: 0x0000000000000000, Narrow klass shift: 0, Narrow klass range: 0x0

Heap:
 garbage-first heap   total 524288K, used 0K [0x0000000601000000, 0x0000000800000000)
  region size 4096K, 0 young (0K), 0 survivors (0K)
 Metaspace       used 0K, capacity 0K, committed 0K, reserved 0K
  class space    used 0K, capacity 0K, committed 0K, reserved 0K

Heap Regions: E=young(eden), S=young(survivor), O=old, HS=humongous(starts), HC=humongous(continues), CS=collection set, F=free, OA=open archive, CA=closed archive, TAMS=top-at-mark-start (previous, next)

Card table byte_map: [0x0000014872ac0000,0x0000014873ac0000] _byte_map_base: 0x000001486fab8000

Marking Bits (Prev, Next): (CMBitMap*) 0x000001485c957a80, (CMBitMap*) 0x000001485c957ac0
 Prev Bits: [0x0000014874ac0000, 0x000001487ca80000)
 Next Bits: [0x0000014800000000, 0x0000014807fc0000)

GC Heap History (0 events):
No events

Deoptimization events (0 events):
No events

Classes unloaded (0 events):
No events

Classes redefined (0 events):
No events

Internal exceptions (0 events):
No events

Events (1 events):
Event: 0.005 Loaded shared library C:\Users\Lillian\.p2\pool\plugins\org.eclipse.justj.openjdk.hotspot.jre.full.win32.x86_64_15.0.2.v20210201-0955\jre\bin\java.dll


Dynamic libraries:
0x00007ff73e170000 - 0x00007ff73e17d000 	C:\Users\Lillian\.p2\pool\plugins\org.eclipse.justj.openjdk.hotspot.jre.full.win32.x86_64_15.0.2.v20210201-0955\jre\bin\javaw.exe
0x00007ffef3830000 - 0x00007ffef3a25000 	C:\Windows\SYSTEM32\ntdll.dll
0x00007ffef33f0000 - 0x00007ffef34ad000 	C:\Windows\System32\KERNEL32.DLL
0x00007ffef0ff0000 - 0x00007ffef12b9000 	C:\Windows\System32\KERNELBASE.dll
0x00007ffef15e0000 - 0x00007ffef16e0000 	C:\Windows\System32\ucrtbase.dll
0x00007ffee11f0000 - 0x00007ffee1209000 	C:\Users\Lillian\.p2\pool\plugins\org.eclipse.justj.openjdk.hotspot.jre.full.win32.x86_64_15.0.2.v20210201-0955\jre\bin\VCRUNTIME140.dll
0x00007ffee1210000 - 0x00007ffee1228000 	C:\Users\Lillian\.p2\pool\plugins\org.eclipse.justj.openjdk.hotspot.jre.full.win32.x86_64_15.0.2.v20210201-0955\jre\bin\jli.dll
0x00007ffef31a0000 - 0x00007ffef3340000 	C:\Windows\System32\USER32.dll
0x00007ffef0fc0000 - 0x00007ffef0fe2000 	C:\Windows\System32\win32u.dll
0x00007ffee3c50000 - 0x00007ffee3eea000 	C:\Windows\WinSxS\amd64_microsoft.windows.common-controls_6595b64144ccf1df_6.0.19041.1110_none_60b5254171f9507e\COMCTL32.dll
0x00007ffef1da0000 - 0x00007ffef1dca000 	C:\Windows\System32\GDI32.dll
0x00007ffef1b60000 - 0x00007ffef1bfe000 	C:\Windows\System32\msvcrt.dll
0x00007ffef16e0000 - 0x00007ffef17eb000 	C:\Windows\System32\gdi32full.dll
0x00007ffef17f0000 - 0x00007ffef188d000 	C:\Windows\System32\msvcp_win.dll
0x00007ffef1e60000 - 0x00007ffef1e90000 	C:\Windows\System32\IMM32.DLL
0x00007ffeec410000 - 0x00007ffeec41c000 	C:\Users\Lillian\.p2\pool\plugins\org.eclipse.justj.openjdk.hotspot.jre.full.win32.x86_64_15.0.2.v20210201-0955\jre\bin\vcruntime140_1.dll
0x00007ffedebc0000 - 0x00007ffedec51000 	C:\Users\Lillian\.p2\pool\plugins\org.eclipse.justj.openjdk.hotspot.jre.full.win32.x86_64_15.0.2.v20210201-0955\jre\bin\msvcp140.dll
0x00007ffe7e620000 - 0x00007ffe7f17e000 	C:\Users\Lillian\.p2\pool\plugins\org.eclipse.justj.openjdk.hotspot.jre.full.win32.x86_64_15.0.2.v20210201-0955\jre\bin\server\jvm.dll
0x00007ffef1c10000 - 0x00007ffef1cbc000 	C:\Windows\System32\ADVAPI32.dll
0x00007ffef2de0000 - 0x00007ffef2e7b000 	C:\Windows\System32\sechost.dll
0x00007ffef2ee0000 - 0x00007ffef300a000 	C:\Windows\System32\RPCRT4.dll
0x00007ffef2a50000 - 0x00007ffef2a58000 	C:\Windows\System32\PSAPI.DLL
0x00007ffeea2b0000 - 0x00007ffeea2ba000 	C:\Windows\SYSTEM32\VERSION.dll
0x00007ffee7970000 - 0x00007ffee7997000 	C:\Windows\SYSTEM32\WINMM.dll
0x00007ffeeadf0000 - 0x00007ffeeadf9000 	C:\Windows\SYSTEM32\WSOCK32.dll
0x00007ffef3010000 - 0x00007ffef307b000 	C:\Windows\System32\WS2_32.dll
0x00007ffeef7d0000 - 0x00007ffeef7e2000 	C:\Windows\SYSTEM32\kernel.appcore.dll
0x00007ffee3f00000 - 0x00007ffee3f0a000 	C:\Users\Lillian\.p2\pool\plugins\org.eclipse.justj.openjdk.hotspot.jre.full.win32.x86_64_15.0.2.v20210201-0955\jre\bin\jimage.dll
0x00007ffeeecc0000 - 0x00007ffeeeea4000 	C:\Windows\SYSTEM32\DBGHELP.DLL
0x00007ffeed9a0000 - 0x00007ffeed9cc000 	C:\Windows\SYSTEM32\dbgcore.DLL
0x00007ffef1550000 - 0x00007ffef15d3000 	C:\Windows\System32\bcryptPrimitives.dll
0x00007ffee1c30000 - 0x00007ffee1c55000 	C:\Users\Lillian\.p2\pool\plugins\org.eclipse.justj.openjdk.hotspot.jre.full.win32.x86_64_15.0.2.v20210201-0955\jre\bin\java.dll

dbghelp: loaded successfully - version: 4.0.5 - missing functions: none
symbol engine: initialized successfully - sym options: 0x614 - pdb path: .;C:\Users\Lillian\.p2\pool\plugins\org.eclipse.justj.openjdk.hotspot.jre.full.win32.x86_64_15.0.2.v20210201-0955\jre\bin;C:\Windows\SYSTEM32;C:\Windows\WinSxS\amd64_microsoft.windows.common-controls_6595b64144ccf1df_6.0.19041.1110_none_60b5254171f9507e;C:\Users\Lillian\.p2\pool\plugins\org.eclipse.justj.openjdk.hotspot.jre.full.win32.x86_64_15.0.2.v20210201-0955\jre\bin\server

VM Arguments:
jvm_args: -Dfile.encoding=Cp1252 -XX:+ShowCodeDetailsInExceptionMessages 
java_command: GameWindow
java_class_path (initial): C:\Users\Lillian\eclipse-workspace\Gold Miner\bin
Launcher Type: SUN_STANDARD

[Global flags]
     intx CICompilerCount                          = 12                                        {product} {ergonomic}
     uint ConcGCThreads                            = 3                                         {product} {ergonomic}
     uint G1ConcRefinementThreads                  = 13                                        {product} {ergonomic}
   size_t G1HeapRegionSize                         = 4194304                                   {product} {ergonomic}
    uintx GCDrainStackTargetSize                   = 64                                        {product} {ergonomic}
   size_t InitialHeapSize                          = 536870912                                 {product} {ergonomic}
   size_t MarkStackSize                            = 4194304                                   {product} {ergonomic}
   size_t MaxHeapSize                              = 8573157376                                {product} {ergonomic}
   size_t MinHeapDeltaBytes                        = 4194304                                   {product} {ergonomic}
   size_t MinHeapSize                              = 8388608                                   {product} {ergonomic}
    uintx NonNMethodCodeHeapSize                   = 7602480                                {pd product} {ergonomic}
    uintx NonProfiledCodeHeapSize                  = 122027880                              {pd product} {ergonomic}
    uintx ProfiledCodeHeapSize                     = 122027880                              {pd product} {ergonomic}
    uintx ReservedCodeCacheSize                    = 251658240                              {pd product} {ergonomic}
     bool SegmentedCodeCache                       = true                                      {product} {ergonomic}
     bool ShowCodeDetailsInExceptionMessages       = true                                   {manageable} {command line}
   size_t SoftMaxHeapSize                          = 8573157376                             {manageable} {ergonomic}
     bool UseCompressedClassPointers               = true                                 {lp64_product} {ergonomic}
     bool UseCompressedOops                        = true                                 {lp64_product} {ergonomic}
     bool UseG1GC                                  = true                                      {product} {ergonomic}
     bool UseLargePagesIndividualAllocation        = false                                  {pd product} {ergonomic}

Logging:
Log output configuration:
 #0: stdout all=warning uptime,level,tags
 #1: stderr all=off uptime,level,tags

Environment Variables:
JAVA_HOME=C:\Program Files\Amazon Corretto\jdk1.8.0_312
PATH=C:/Users/Lillian/.p2/pool/plugins/org.eclipse.justj.openjdk.hotspot.jre.full.win32.x86_64_15.0.2.v20210201-0955/jre/bin/server;C:/Users/Lillian/.p2/pool/plugins/org.eclipse.justj.openjdk.hotspot.jre.full.win32.x86_64_15.0.2.v20210201-0955/jre/bin;C:\Program Files\Amazon Corretto\jdk1.8.0_312\bin;C:\Windows\system32;C:\Windows;C:\Windows\System32\Wbem;C:\Windows\System32\WindowsPowerShell\v1.0\;C:\Windows\System32\OpenSSH\;C:\Program Files\Git\cmd;C:\Program Files\MySQL\MySQL Shell 8.0\bin\;C:\Users\Lillian\AppData\Local\Microsoft\WindowsApps;;C:\Windows\system32;
USERNAME=Lillian
OS=Windows_NT
PROCESSOR_IDENTIFIER=AMD64 Family 23 Model 8 Stepping 2, AuthenticAMD



---------------  S Y S T E M  ---------------

OS:
 Windows 10 , 64 bit Build 19041 (10.0.19041.1151)
OS uptime: 0 days 5:31 hours
HyperV virtualization detected

CPU: total 16 (initial active 16) (16 cores per cpu, 2 threads per core) family 23 model 8 stepping 2 microcode 0x0, cmov, cx8, fxsr, mmx, sse, sse2, sse3, ssse3, sse4.1, sse4.2, popcnt, vzeroupper, avx, avx2, aes, clmul, 3dnowpref, lzcnt, sse4a, ht, tsc, tscinvbit, tscinv, bmi1, bmi2, adx, sha, fma, clflush, clflushopt

Memory: 4k page, system-wide physical 32699M (18386M free)
TotalPageFile size 52361M (AvailPageFile size 384M)
current process WorkingSet (physical memory assigned to process): 10M, peak: 10M
current process commit charge ("private bytes"): 70M, peak: 582M

vm_info: OpenJDK 64-Bit Server VM (15.0.2+7-27) for windows-amd64 JRE (15.0.2+7-27), built on Dec  7 2020 20:02:38 by "mach5one" with unknown MS VC++:1925

END.
